<?xml version="1.0" encoding="UTF-8"?>
<!-- Generated by org.testng.reporters.JUnitXMLReporter -->
<testsuite ignored="0" hostname="LAPTOP-2HFIM7GJ" failures="0" tests="4" name="Surefire test" time="0.038" errors="0" timestamp="2020-09-27T15:22:40 IST">
  <testcase classname="QaSelenium.Mavenjava.RestApiTest" name="deletetwitter" time="0.004"/>
  <testcase classname="QaSelenium.Mavenjava.RestApiTest" name="postjira" time="0.001"/>
  <testcase classname="QaSelenium.Mavenjava.SeleniumTest" name="browserautomation" time="0.0"/>
  <testcase classname="QaSelenium.Mavenjava.SeleniumTest" name="elementsui" time="0.0"/>
</testsuite> <!-- Surefire test -->
