<?xml version="1.0" encoding="UTF-8"?>
<testng-results ignored="0" total="4" passed="4" failed="0" skipped="0">
  <reporter-output>
  </reporter-output>
  <suite started-at="2020-09-27T15:22:40 IST" name="Surefire suite" finished-at="2020-09-27T15:22:40 IST" duration-ms="38">
    <groups>
    </groups>
    <test started-at="2020-09-27T15:22:40 IST" name="Surefire test" finished-at="2020-09-27T15:22:40 IST" duration-ms="38">
      <class name="QaSelenium.Mavenjava.RestApiTest">
        <test-method signature="deletetwitter()[pri:0, instance:QaSelenium.Mavenjava.RestApiTest@7f416310]" started-at="2020-09-27T15:22:40 IST" name="deletetwitter" finished-at="2020-09-27T15:22:40 IST" duration-ms="4" status="PASS">
          <reporter-output>
          </reporter-output>
        </test-method> <!-- deletetwitter -->
        <test-method signature="postjira()[pri:0, instance:QaSelenium.Mavenjava.RestApiTest@7f416310]" started-at="2020-09-27T15:22:40 IST" name="postjira" finished-at="2020-09-27T15:22:40 IST" duration-ms="1" status="PASS">
          <reporter-output>
          </reporter-output>
        </test-method> <!-- postjira -->
      </class> <!-- QaSelenium.Mavenjava.RestApiTest -->
      <class name="QaSelenium.Mavenjava.SeleniumTest">
        <test-method signature="elementsui()[pri:0, instance:QaSelenium.Mavenjava.SeleniumTest@1cab0bfb]" started-at="2020-09-27T15:22:40 IST" name="elementsui" finished-at="2020-09-27T15:22:40 IST" duration-ms="0" status="PASS">
          <reporter-output>
          </reporter-output>
        </test-method> <!-- elementsui -->
        <test-method signature="browserautomation()[pri:0, instance:QaSelenium.Mavenjava.SeleniumTest@1cab0bfb]" started-at="2020-09-27T15:22:40 IST" name="browserautomation" finished-at="2020-09-27T15:22:40 IST" duration-ms="0" status="PASS">
          <reporter-output>
          </reporter-output>
        </test-method> <!-- browserautomation -->
      </class> <!-- QaSelenium.Mavenjava.SeleniumTest -->
    </test> <!-- Surefire test -->
  </suite> <!-- Surefire suite -->
</testng-results>
